7.1848 	WARNING 	User requested fullscreen with size [1024  768], but screen is actually [1920, 1080]. Using actual size
8.3780 	EXP 	Created window1 = Window(allowGUI=True, allowStencil=False, autoLog=True, backendConf=UNKNOWN, backgroundFit=<method-wrapper '__getattribute__' of attributeSetter object at 0x000001C5E26180A0>, backgroundImage=<method-wrapper '__getattribute__' of attributeSetter object at 0x000001C5E2618040>, bitsMode=UNKNOWN, blendMode='avg', bpc=(8, 8, 8), color=array([0, 0, 0]), colorSpace='rgb', depthBits=8, fullscr=<method-wrapper '__getattribute__' of attributeSetter object at 0x000001C5E2606D60>, gamma=None, gammaErrorPolicy='raise', lms=UNKNOWN, monitor=<psychopy.monitors.calibTools.Monitor object at 0x000001C5E8CBD550>, multiSample=False, name='window1', numSamples=2, pos=(0, 0), screen=0, size=array([1920, 1080]), stencilBits=0, stereo=False, units='height', useFBO=True, useRetina=False, viewOri=0.0, viewPos=None, viewScale=None, waitBlanking=True, winType='pyglet')
8.3781 	EXP 	window1: mouseVisible = True
8.3781 	EXP 	window1: backgroundImage = ''
8.3781 	EXP 	window1: backgroundFit = 'none'
8.3788 	EXP 	window1: mouseVisible = False
8.3788 	EXP 	window1: Attempting to measure frame rate of screen (0) ...
8.3788 	EXP 	window1: recordFrameIntervals = False
8.5439 	EXP 	window1: recordFrameIntervals = True
8.7280 	EXP 	Screen (0) actual frame rate measured at 59.91Hz
8.7280 	EXP 	window1: recordFrameIntervals = False
11.7174 	EXP 	Created fixation = ShapeStim(__class__=<class 'psychopy.visual.shape.ShapeStim'>, anchor=('center', 'center'), autoDraw=False, autoLog=True, closeShape=True, color=method-wrapper(...), colorSpace='rgb', contrast=None, depth=0.0, fillColor=array([1, 1, 1]), fillColorSpace='rgb', fillRGB=array([1, 1, 1]), interpolate=True, lineColor=array([1., 1., 1.]), lineColorSpace='rgb', lineRGB=array([1, 1, 1]), lineWidth=1.0, name='fixation', opacity=1.0, ori=0.0, pos=array([0., 0.]), size=array([0.05, 0.05]), units='height', vertices=ndarray(...), win=Window(...), windingRule=None)
11.7540 	EXP 	Created text = TextStim(__class__=<class 'psychopy.visual.text.TextStim'>, alignHoriz=method-wrapper(...), alignText='center', alignVert=method-wrapper(...), anchorHoriz='center', anchorVert='center', antialias=True, autoDraw=False, autoLog=True, bold=False, color=array([1., 1., 1.]), colorSpace='rgb', contrast=1.0, depth=-1.0, flipHoriz=False, flipVert=False, font='Open Sans', fontFiles=[], height=0.05, italic=False, languageStyle='LTR', name='text', opacity=1.0, ori=0.0, pos=array([0., 0.]), rgb=UNKNOWN, text='', units='height', win=Window(...), wrapWidth=1)
11.7610 	EXP 	Imported data/3-11-23_delay.xlsx as conditions, 7 conditions, 3 params
11.7633 	EXP 	Created sequence: random, trialTypes=7, nReps=15, seed=None
11.7636 	EXP 	New trial (rep=0, index=0): {'reward_today': 11, 'future_reward': 30, 'delay': 7}
11.8703 	EXP 	text: height = 0.05
11.8703 	EXP 	text: height = 0.05
11.8703 	EXP 	text: height = 0.05
11.8703 	EXP 	text: text = 'GBP 11 today or  GBP30 after 7 days'
11.8703 	EXP 	fixation: autoDraw = True
12.7591 	EXP 	text: autoDraw = True
12.8758 	EXP 	fixation: autoDraw = False
14.9784 	EXP 	New trial (rep=0, index=1): {'reward_today': 27, 'future_reward': 50, 'delay': 21}
14.9951 	DATA 	Keypress: t
14.9963 	EXP 	fixation: autoDraw = False
14.9963 	EXP 	text: autoDraw = False
14.9963 	EXP 	text: height = 0.05
14.9963 	EXP 	text: height = 0.05
14.9963 	EXP 	text: height = 0.05
14.9963 	EXP 	text: text = 'GBP 27 today or  GBP50 after 21 days'
14.9963 	EXP 	fixation: autoDraw = True
15.9912 	EXP 	text: autoDraw = True
16.0079 	EXP 	fixation: autoDraw = False
17.6767 	EXP 	New trial (rep=0, index=2): {'reward_today': 78, 'future_reward': 80, 'delay': 162}
17.6915 	DATA 	Keypress: t
17.6927 	EXP 	fixation: autoDraw = False
17.6927 	EXP 	text: autoDraw = False
17.6927 	EXP 	text: height = 0.05
17.6927 	EXP 	text: height = 0.05
17.6927 	EXP 	text: height = 0.05
17.6927 	EXP 	text: text = 'GBP 78 today or  GBP80 after 162 days'
17.6927 	EXP 	fixation: autoDraw = True
18.6904 	EXP 	text: autoDraw = True
18.7071 	EXP 	fixation: autoDraw = False
21.4753 	EXP 	New trial (rep=0, index=3): {'reward_today': 67, 'future_reward': 75, 'delay': 119}
21.4877 	DATA 	Keypress: l
21.4892 	EXP 	fixation: autoDraw = False
21.4892 	EXP 	text: autoDraw = False
21.4892 	EXP 	text: height = 0.05
21.4892 	EXP 	text: height = 0.05
21.4892 	EXP 	text: height = 0.05
21.4892 	EXP 	text: text = 'GBP 67 today or  GBP75 after 119 days'
21.4892 	EXP 	fixation: autoDraw = True
22.4890 	EXP 	fixation: autoDraw = False
22.4890 	EXP 	text: autoDraw = True
23.5756 	DATA 	Keypress: l
23.5910 	EXP 	New trial (rep=0, index=4): {'reward_today': 15, 'future_reward': 35, 'delay': 13}
23.6054 	EXP 	fixation: autoDraw = False
23.6054 	EXP 	text: autoDraw = False
23.6054 	EXP 	text: height = 0.05
23.6054 	EXP 	text: height = 0.05
23.6054 	EXP 	text: height = 0.05
23.6054 	EXP 	text: text = 'GBP 15 today or  GBP35 after 13 days'
23.6054 	EXP 	fixation: autoDraw = True
24.6051 	EXP 	fixation: autoDraw = False
24.6051 	EXP 	text: autoDraw = True
26.1738 	EXP 	New trial (rep=0, index=5): {'reward_today': 49, 'future_reward': 60, 'delay': 89}
26.1873 	DATA 	Keypress: t
26.1884 	EXP 	fixation: autoDraw = False
26.1884 	EXP 	text: autoDraw = False
26.1884 	EXP 	text: height = 0.05
26.1884 	EXP 	text: height = 0.05
26.1884 	EXP 	text: height = 0.05
26.1884 	EXP 	text: text = 'GBP 49 today or  GBP60 after 89 days'
26.1884 	EXP 	fixation: autoDraw = True
27.1875 	EXP 	fixation: autoDraw = False
27.1875 	EXP 	text: autoDraw = True
30.2056 	EXP 	New trial (rep=0, index=6): {'reward_today': 40, 'future_reward': 55, 'delay': 62}
30.2154 	DATA 	Keypress: l
30.2198 	EXP 	fixation: autoDraw = False
30.2198 	EXP 	text: autoDraw = False
30.2198 	EXP 	text: height = 0.05
30.2198 	EXP 	text: height = 0.05
30.2198 	EXP 	text: height = 0.05
30.2198 	EXP 	text: text = 'GBP 40 today or  GBP55 after 62 days'
30.2198 	EXP 	fixation: autoDraw = True
31.2195 	EXP 	fixation: autoDraw = False
31.2195 	EXP 	text: autoDraw = True
32.8564 	DATA 	Keypress: l
32.8714 	EXP 	New trial (rep=1, index=0): {'reward_today': 78, 'future_reward': 80, 'delay': 162}
32.8855 	EXP 	fixation: autoDraw = False
32.8855 	EXP 	text: autoDraw = False
32.8855 	EXP 	text: height = 0.05
32.8855 	EXP 	text: height = 0.05
32.8855 	EXP 	text: height = 0.05
32.8855 	EXP 	text: text = 'GBP 78 today or  GBP80 after 162 days'
32.8855 	EXP 	fixation: autoDraw = True
33.8851 	EXP 	fixation: autoDraw = False
33.8851 	EXP 	text: autoDraw = True
35.6534 	EXP 	New trial (rep=1, index=1): {'reward_today': 67, 'future_reward': 75, 'delay': 119}
35.6615 	DATA 	Keypress: l
35.6679 	EXP 	fixation: autoDraw = False
35.6679 	EXP 	text: autoDraw = False
35.6679 	EXP 	text: height = 0.05
35.6679 	EXP 	text: height = 0.05
35.6679 	EXP 	text: height = 0.05
35.6679 	EXP 	text: text = 'GBP 67 today or  GBP75 after 119 days'
35.6679 	EXP 	fixation: autoDraw = True
36.6677 	EXP 	fixation: autoDraw = False
36.6677 	EXP 	text: autoDraw = True
38.1860 	EXP 	New trial (rep=1, index=2): {'reward_today': 40, 'future_reward': 55, 'delay': 62}
38.1945 	DATA 	Keypress: l
38.2004 	EXP 	fixation: autoDraw = False
38.2004 	EXP 	text: autoDraw = False
38.2004 	EXP 	text: height = 0.05
38.2004 	EXP 	text: height = 0.05
38.2004 	EXP 	text: height = 0.05
38.2004 	EXP 	text: text = 'GBP 40 today or  GBP55 after 62 days'
38.2004 	EXP 	fixation: autoDraw = True
39.2001 	EXP 	fixation: autoDraw = False
39.2001 	EXP 	text: autoDraw = True
40.9363 	DATA 	Keypress: l
40.9515 	EXP 	New trial (rep=1, index=3): {'reward_today': 49, 'future_reward': 60, 'delay': 89}
40.9662 	EXP 	fixation: autoDraw = False
40.9662 	EXP 	text: autoDraw = False
40.9662 	EXP 	text: height = 0.05
40.9662 	EXP 	text: height = 0.05
40.9662 	EXP 	text: height = 0.05
40.9662 	EXP 	text: text = 'GBP 49 today or  GBP60 after 89 days'
40.9662 	EXP 	fixation: autoDraw = True
41.9658 	EXP 	fixation: autoDraw = False
41.9658 	EXP 	text: autoDraw = True
44.6825 	EXP 	New trial (rep=1, index=4): {'reward_today': 15, 'future_reward': 35, 'delay': 13}
44.6870 	DATA 	Keypress: l
44.6980 	EXP 	fixation: autoDraw = False
44.6980 	EXP 	text: autoDraw = False
44.6980 	EXP 	text: height = 0.05
44.6980 	EXP 	text: height = 0.05
44.6980 	EXP 	text: height = 0.05
44.6980 	EXP 	text: text = 'GBP 15 today or  GBP35 after 13 days'
44.6980 	EXP 	fixation: autoDraw = True
45.6978 	EXP 	fixation: autoDraw = False
45.6978 	EXP 	text: autoDraw = True
47.0495 	EXP 	New trial (rep=1, index=5): {'reward_today': 11, 'future_reward': 30, 'delay': 7}
47.0564 	DATA 	Keypress: t
47.0641 	EXP 	fixation: autoDraw = False
47.0641 	EXP 	text: autoDraw = False
47.0641 	EXP 	text: height = 0.05
47.0641 	EXP 	text: height = 0.05
47.0641 	EXP 	text: height = 0.05
47.0641 	EXP 	text: text = 'GBP 11 today or  GBP30 after 7 days'
47.0641 	EXP 	fixation: autoDraw = True
48.0637 	EXP 	fixation: autoDraw = False
48.0637 	EXP 	text: autoDraw = True
49.4489 	EXP 	New trial (rep=1, index=6): {'reward_today': 27, 'future_reward': 50, 'delay': 21}
49.4578 	DATA 	Keypress: t
49.4632 	EXP 	fixation: autoDraw = False
49.4632 	EXP 	text: autoDraw = False
49.4632 	EXP 	text: height = 0.05
49.4632 	EXP 	text: height = 0.05
49.4632 	EXP 	text: height = 0.05
49.4632 	EXP 	text: text = 'GBP 27 today or  GBP50 after 21 days'
49.4632 	EXP 	fixation: autoDraw = True
50.4629 	EXP 	fixation: autoDraw = False
50.4629 	EXP 	text: autoDraw = True
51.4145 	EXP 	New trial (rep=2, index=0): {'reward_today': 27, 'future_reward': 50, 'delay': 21}
51.4171 	DATA 	Keypress: t
51.4291 	EXP 	fixation: autoDraw = False
51.4291 	EXP 	text: autoDraw = False
51.4291 	EXP 	text: text = 'GBP 27 today or  GBP50 after 21 days'
51.4291 	EXP 	fixation: autoDraw = True
52.4289 	EXP 	fixation: autoDraw = False
52.4289 	EXP 	text: autoDraw = True
53.7473 	EXP 	New trial (rep=2, index=1): {'reward_today': 15, 'future_reward': 35, 'delay': 13}
53.7561 	DATA 	Keypress: t
53.7618 	EXP 	fixation: autoDraw = False
53.7618 	EXP 	text: autoDraw = False
53.7618 	EXP 	text: height = 0.05
53.7618 	EXP 	text: height = 0.05
53.7618 	EXP 	text: height = 0.05
53.7618 	EXP 	text: text = 'GBP 15 today or  GBP35 after 13 days'
53.7618 	EXP 	fixation: autoDraw = True
54.7615 	EXP 	fixation: autoDraw = False
54.7615 	EXP 	text: autoDraw = True
58.6627 	EXP 	New trial (rep=2, index=2): {'reward_today': 67, 'future_reward': 75, 'delay': 119}
58.6703 	DATA 	Keypress: t
58.6767 	EXP 	fixation: autoDraw = False
58.6767 	EXP 	text: autoDraw = False
58.6767 	EXP 	text: height = 0.05
58.6767 	EXP 	text: height = 0.05
58.6767 	EXP 	text: height = 0.05
58.6767 	EXP 	text: text = 'GBP 67 today or  GBP75 after 119 days'
58.6767 	EXP 	fixation: autoDraw = True
59.6765 	EXP 	fixation: autoDraw = False
59.6765 	EXP 	text: autoDraw = True
67.4111 	DATA 	Keypress: l
67.4263 	EXP 	New trial (rep=2, index=3): {'reward_today': 11, 'future_reward': 30, 'delay': 7}
67.4404 	EXP 	fixation: autoDraw = False
67.4404 	EXP 	text: autoDraw = False
67.4404 	EXP 	text: height = 0.05
67.4404 	EXP 	text: height = 0.05
67.4404 	EXP 	text: height = 0.05
67.4404 	EXP 	text: text = 'GBP 11 today or  GBP30 after 7 days'
67.4404 	EXP 	fixation: autoDraw = True
68.4403 	EXP 	fixation: autoDraw = False
68.4403 	EXP 	text: autoDraw = True
72.6250 	EXP 	New trial (rep=2, index=4): {'reward_today': 40, 'future_reward': 55, 'delay': 62}
72.6332 	DATA 	Keypress: t
72.6387 	EXP 	fixation: autoDraw = False
72.6387 	EXP 	text: autoDraw = False
72.6387 	EXP 	text: height = 0.05
72.6387 	EXP 	text: height = 0.05
72.6387 	EXP 	text: height = 0.05
72.6387 	EXP 	text: text = 'GBP 40 today or  GBP55 after 62 days'
72.6387 	EXP 	fixation: autoDraw = True
73.6385 	EXP 	fixation: autoDraw = False
73.6385 	EXP 	text: autoDraw = True
76.1571 	EXP 	New trial (rep=2, index=5): {'reward_today': 78, 'future_reward': 80, 'delay': 162}
76.1667 	DATA 	Keypress: l
76.1706 	EXP 	fixation: autoDraw = False
76.1706 	EXP 	text: autoDraw = False
76.1706 	EXP 	text: height = 0.05
76.1706 	EXP 	text: height = 0.05
76.1706 	EXP 	text: height = 0.05
76.1706 	EXP 	text: text = 'GBP 78 today or  GBP80 after 162 days'
76.1706 	EXP 	fixation: autoDraw = True
77.1705 	EXP 	fixation: autoDraw = False
77.1705 	EXP 	text: autoDraw = True
79.5404 	DATA 	Keypress: l
79.5554 	EXP 	New trial (rep=2, index=6): {'reward_today': 49, 'future_reward': 60, 'delay': 89}
79.5697 	EXP 	fixation: autoDraw = False
79.5697 	EXP 	text: autoDraw = False
79.5697 	EXP 	text: height = 0.05
79.5697 	EXP 	text: height = 0.05
79.5697 	EXP 	text: height = 0.05
79.5697 	EXP 	text: text = 'GBP 49 today or  GBP60 after 89 days'
79.5697 	EXP 	fixation: autoDraw = True
80.5693 	EXP 	fixation: autoDraw = False
80.5693 	EXP 	text: autoDraw = True
85.7867 	EXP 	New trial (rep=3, index=0): {'reward_today': 78, 'future_reward': 80, 'delay': 162}
85.7971 	DATA 	Keypress: l
85.8009 	EXP 	fixation: autoDraw = False
85.8009 	EXP 	text: autoDraw = False
85.8009 	EXP 	text: height = 0.05
85.8009 	EXP 	text: height = 0.05
85.8009 	EXP 	text: height = 0.05
85.8009 	EXP 	text: text = 'GBP 78 today or  GBP80 after 162 days'
85.8009 	EXP 	fixation: autoDraw = True
86.8006 	EXP 	fixation: autoDraw = False
86.8006 	EXP 	text: autoDraw = True
88.5191 	EXP 	New trial (rep=3, index=1): {'reward_today': 27, 'future_reward': 50, 'delay': 21}
88.5277 	DATA 	Keypress: l
88.5334 	EXP 	fixation: autoDraw = False
88.5334 	EXP 	text: autoDraw = False
88.5334 	EXP 	text: height = 0.05
88.5334 	EXP 	text: height = 0.05
88.5334 	EXP 	text: height = 0.05
88.5334 	EXP 	text: text = 'GBP 27 today or  GBP50 after 21 days'
88.5334 	EXP 	fixation: autoDraw = True
89.5330 	EXP 	fixation: autoDraw = False
89.5330 	EXP 	text: autoDraw = True
91.0018 	EXP 	New trial (rep=3, index=2): {'reward_today': 67, 'future_reward': 75, 'delay': 119}
91.0097 	DATA 	Keypress: t
91.0156 	EXP 	fixation: autoDraw = False
91.0156 	EXP 	text: autoDraw = False
91.0156 	EXP 	text: height = 0.05
91.0156 	EXP 	text: height = 0.05
91.0156 	EXP 	text: height = 0.05
91.0156 	EXP 	text: text = 'GBP 67 today or  GBP75 after 119 days'
91.0156 	EXP 	fixation: autoDraw = True
92.0154 	EXP 	fixation: autoDraw = False
92.0154 	EXP 	text: autoDraw = True
95.0002 	EXP 	New trial (rep=3, index=3): {'reward_today': 11, 'future_reward': 30, 'delay': 7}
95.0083 	DATA 	Keypress: l
95.0143 	EXP 	fixation: autoDraw = False
95.0143 	EXP 	text: autoDraw = False
95.0143 	EXP 	text: height = 0.05
95.0143 	EXP 	text: height = 0.05
95.0143 	EXP 	text: height = 0.05
95.0143 	EXP 	text: text = 'GBP 11 today or  GBP30 after 7 days'
95.0143 	EXP 	fixation: autoDraw = True
96.0141 	EXP 	fixation: autoDraw = False
96.0141 	EXP 	text: autoDraw = True
97.4829 	EXP 	New trial (rep=3, index=4): {'reward_today': 49, 'future_reward': 60, 'delay': 89}
97.4936 	DATA 	Keypress: t
97.4971 	EXP 	fixation: autoDraw = False
97.4971 	EXP 	text: autoDraw = False
97.4971 	EXP 	text: height = 0.05
97.4971 	EXP 	text: height = 0.05
97.4971 	EXP 	text: height = 0.05
97.4971 	EXP 	text: text = 'GBP 49 today or  GBP60 after 89 days'
97.4971 	EXP 	fixation: autoDraw = True
98.4966 	EXP 	fixation: autoDraw = False
98.4966 	EXP 	text: autoDraw = True
99.9000 	DATA 	Keypress: l
99.9148 	EXP 	New trial (rep=3, index=5): {'reward_today': 15, 'future_reward': 35, 'delay': 13}
99.9294 	EXP 	fixation: autoDraw = False
99.9294 	EXP 	text: autoDraw = False
99.9294 	EXP 	text: height = 0.05
99.9294 	EXP 	text: height = 0.05
99.9294 	EXP 	text: height = 0.05
99.9294 	EXP 	text: text = 'GBP 15 today or  GBP35 after 13 days'
99.9294 	EXP 	fixation: autoDraw = True
100.9291 	EXP 	fixation: autoDraw = False
100.9291 	EXP 	text: autoDraw = True
105.2134 	EXP 	New trial (rep=3, index=6): {'reward_today': 40, 'future_reward': 55, 'delay': 62}
105.2212 	DATA 	Keypress: t
105.2276 	EXP 	fixation: autoDraw = False
105.2276 	EXP 	text: autoDraw = False
105.2276 	EXP 	text: height = 0.05
105.2276 	EXP 	text: height = 0.05
105.2276 	EXP 	text: height = 0.05
105.2276 	EXP 	text: text = 'GBP 40 today or  GBP55 after 62 days'
105.2276 	EXP 	fixation: autoDraw = True
106.2273 	EXP 	fixation: autoDraw = False
106.2273 	EXP 	text: autoDraw = True
108.4621 	EXP 	New trial (rep=4, index=0): {'reward_today': 49, 'future_reward': 60, 'delay': 89}
108.4703 	DATA 	Keypress: l
108.4765 	EXP 	fixation: autoDraw = False
108.4765 	EXP 	text: autoDraw = False
108.4765 	EXP 	text: height = 0.05
108.4765 	EXP 	text: height = 0.05
108.4765 	EXP 	text: height = 0.05
108.4765 	EXP 	text: text = 'GBP 49 today or  GBP60 after 89 days'
108.4765 	EXP 	fixation: autoDraw = True
109.4762 	EXP 	fixation: autoDraw = False
109.4762 	EXP 	text: autoDraw = True
113.7439 	EXP 	New trial (rep=4, index=1): {'reward_today': 40, 'future_reward': 55, 'delay': 62}
113.7526 	DATA 	Keypress: l
113.7579 	EXP 	fixation: autoDraw = False
113.7579 	EXP 	text: autoDraw = False
113.7579 	EXP 	text: height = 0.05
113.7579 	EXP 	text: height = 0.05
113.7579 	EXP 	text: height = 0.05
113.7579 	EXP 	text: text = 'GBP 40 today or  GBP55 after 62 days'
113.7579 	EXP 	fixation: autoDraw = True
114.7577 	EXP 	fixation: autoDraw = False
114.7577 	EXP 	text: autoDraw = True
117.1106 	DATA 	Keypress: l
117.1255 	EXP 	New trial (rep=4, index=2): {'reward_today': 78, 'future_reward': 80, 'delay': 162}
117.1403 	EXP 	fixation: autoDraw = False
117.1403 	EXP 	text: autoDraw = False
117.1403 	EXP 	text: height = 0.05
117.1403 	EXP 	text: height = 0.05
117.1403 	EXP 	text: height = 0.05
117.1403 	EXP 	text: text = 'GBP 78 today or  GBP80 after 162 days'
117.1403 	EXP 	fixation: autoDraw = True
118.1399 	EXP 	fixation: autoDraw = False
118.1399 	EXP 	text: autoDraw = True
119.0091 	EXP 	New trial (rep=4, index=3): {'reward_today': 27, 'future_reward': 50, 'delay': 21}
119.0174 	DATA 	Keypress: l
119.0229 	EXP 	fixation: autoDraw = False
119.0229 	EXP 	text: autoDraw = False
119.0229 	EXP 	text: height = 0.05
119.0229 	EXP 	text: height = 0.05
119.0229 	EXP 	text: height = 0.05
119.0229 	EXP 	text: text = 'GBP 27 today or  GBP50 after 21 days'
119.0229 	EXP 	fixation: autoDraw = True
120.0227 	EXP 	fixation: autoDraw = False
120.0227 	EXP 	text: autoDraw = True
121.2917 	EXP 	New trial (rep=4, index=4): {'reward_today': 11, 'future_reward': 30, 'delay': 7}
121.3004 	DATA 	Keypress: t
121.3055 	EXP 	fixation: autoDraw = False
121.3055 	EXP 	text: autoDraw = False
121.3055 	EXP 	text: height = 0.05
121.3055 	EXP 	text: height = 0.05
121.3055 	EXP 	text: height = 0.05
121.3055 	EXP 	text: text = 'GBP 11 today or  GBP30 after 7 days'
121.3055 	EXP 	fixation: autoDraw = True
122.3052 	EXP 	fixation: autoDraw = False
122.3052 	EXP 	text: autoDraw = True
127.5895 	EXP 	New trial (rep=4, index=5): {'reward_today': 67, 'future_reward': 75, 'delay': 119}
127.5981 	DATA 	Keypress: l
127.6033 	EXP 	fixation: autoDraw = False
127.6033 	EXP 	text: autoDraw = False
127.6033 	EXP 	text: height = 0.05
127.6033 	EXP 	text: height = 0.05
127.6033 	EXP 	text: height = 0.05
127.6033 	EXP 	text: text = 'GBP 67 today or  GBP75 after 119 days'
127.6033 	EXP 	fixation: autoDraw = True
128.6031 	EXP 	fixation: autoDraw = False
128.6031 	EXP 	text: autoDraw = True
130.5882 	EXP 	New trial (rep=4, index=6): {'reward_today': 15, 'future_reward': 35, 'delay': 13}
130.5973 	DATA 	Keypress: l
130.6023 	EXP 	fixation: autoDraw = False
130.6023 	EXP 	text: autoDraw = False
130.6023 	EXP 	text: height = 0.05
130.6023 	EXP 	text: height = 0.05
130.6023 	EXP 	text: height = 0.05
130.6023 	EXP 	text: text = 'GBP 15 today or  GBP35 after 13 days'
130.6023 	EXP 	fixation: autoDraw = True
131.6020 	EXP 	fixation: autoDraw = False
131.6020 	EXP 	text: autoDraw = True
135.0202 	EXP 	New trial (rep=5, index=0): {'reward_today': 78, 'future_reward': 80, 'delay': 162}
135.0287 	DATA 	Keypress: l
135.0341 	EXP 	fixation: autoDraw = False
135.0341 	EXP 	text: autoDraw = False
135.0341 	EXP 	text: height = 0.05
135.0341 	EXP 	text: height = 0.05
135.0341 	EXP 	text: height = 0.05
135.0341 	EXP 	text: text = 'GBP 78 today or  GBP80 after 162 days'
135.0341 	EXP 	fixation: autoDraw = True
136.0339 	EXP 	fixation: autoDraw = False
136.0339 	EXP 	text: autoDraw = True
137.3696 	EXP 	New trial (rep=5, index=1): {'reward_today': 11, 'future_reward': 30, 'delay': 7}
137.3788 	DATA 	Keypress: l
137.3833 	EXP 	fixation: autoDraw = False
137.3833 	EXP 	text: autoDraw = False
137.3833 	EXP 	text: height = 0.05
137.3833 	EXP 	text: height = 0.05
137.3833 	EXP 	text: height = 0.05
137.3833 	EXP 	text: text = 'GBP 11 today or  GBP30 after 7 days'
137.3833 	EXP 	fixation: autoDraw = True
138.3832 	EXP 	fixation: autoDraw = False
138.3832 	EXP 	text: autoDraw = True
142.7674 	EXP 	New trial (rep=5, index=2): {'reward_today': 15, 'future_reward': 35, 'delay': 13}
142.7769 	DATA 	Keypress: t
142.7815 	EXP 	fixation: autoDraw = False
142.7815 	EXP 	text: autoDraw = False
142.7815 	EXP 	text: height = 0.05
142.7815 	EXP 	text: height = 0.05
142.7815 	EXP 	text: height = 0.05
142.7815 	EXP 	text: text = 'GBP 15 today or  GBP35 after 13 days'
142.7815 	EXP 	fixation: autoDraw = True
143.7813 	EXP 	fixation: autoDraw = False
143.7813 	EXP 	text: autoDraw = True
145.6162 	EXP 	New trial (rep=5, index=3): {'reward_today': 49, 'future_reward': 60, 'delay': 89}
145.6249 	DATA 	Keypress: l
145.6305 	EXP 	fixation: autoDraw = False
145.6305 	EXP 	text: autoDraw = False
145.6305 	EXP 	text: height = 0.05
145.6305 	EXP 	text: height = 0.05
145.6305 	EXP 	text: height = 0.05
145.6305 	EXP 	text: text = 'GBP 49 today or  GBP60 after 89 days'
145.6305 	EXP 	fixation: autoDraw = True
146.6303 	EXP 	fixation: autoDraw = False
146.6303 	EXP 	text: autoDraw = True
147.6658 	EXP 	New trial (rep=5, index=4): {'reward_today': 67, 'future_reward': 75, 'delay': 119}
147.6737 	DATA 	Keypress: t
147.6798 	EXP 	fixation: autoDraw = False
147.6798 	EXP 	text: autoDraw = False
147.6798 	EXP 	text: height = 0.05
147.6798 	EXP 	text: height = 0.05
147.6798 	EXP 	text: height = 0.05
147.6798 	EXP 	text: text = 'GBP 67 today or  GBP75 after 119 days'
147.6798 	EXP 	fixation: autoDraw = True
148.6796 	EXP 	fixation: autoDraw = False
148.6796 	EXP 	text: autoDraw = True
151.3146 	EXP 	New trial (rep=5, index=5): {'reward_today': 40, 'future_reward': 55, 'delay': 62}
151.3226 	DATA 	Keypress: l
151.3285 	EXP 	fixation: autoDraw = False
151.3285 	EXP 	text: autoDraw = False
151.3285 	EXP 	text: height = 0.05
151.3285 	EXP 	text: height = 0.05
151.3285 	EXP 	text: height = 0.05
151.3285 	EXP 	text: text = 'GBP 40 today or  GBP55 after 62 days'
151.3285 	EXP 	fixation: autoDraw = True
152.3283 	EXP 	fixation: autoDraw = False
152.3283 	EXP 	text: autoDraw = True
156.9458 	EXP 	New trial (rep=5, index=6): {'reward_today': 27, 'future_reward': 50, 'delay': 21}
156.9544 	DATA 	Keypress: l
156.9600 	EXP 	fixation: autoDraw = False
156.9600 	EXP 	text: autoDraw = False
156.9600 	EXP 	text: height = 0.05
156.9600 	EXP 	text: height = 0.05
156.9600 	EXP 	text: height = 0.05
156.9600 	EXP 	text: text = 'GBP 27 today or  GBP50 after 21 days'
156.9600 	EXP 	fixation: autoDraw = True
157.9597 	EXP 	fixation: autoDraw = False
157.9597 	EXP 	text: autoDraw = True
159.5281 	EXP 	New trial (rep=6, index=0): {'reward_today': 40, 'future_reward': 55, 'delay': 62}
159.5369 	DATA 	Keypress: t
159.5423 	EXP 	fixation: autoDraw = False
159.5423 	EXP 	text: autoDraw = False
159.5423 	EXP 	text: height = 0.05
159.5423 	EXP 	text: height = 0.05
159.5423 	EXP 	text: height = 0.05
159.5423 	EXP 	text: text = 'GBP 40 today or  GBP55 after 62 days'
159.5423 	EXP 	fixation: autoDraw = True
160.5421 	EXP 	fixation: autoDraw = False
160.5421 	EXP 	text: autoDraw = True
165.3262 	EXP 	New trial (rep=6, index=1): {'reward_today': 15, 'future_reward': 35, 'delay': 13}
165.3355 	DATA 	Keypress: l
165.3403 	EXP 	fixation: autoDraw = False
165.3403 	EXP 	text: autoDraw = False
165.3403 	EXP 	text: height = 0.05
165.3403 	EXP 	text: height = 0.05
165.3403 	EXP 	text: height = 0.05
165.3403 	EXP 	text: text = 'GBP 15 today or  GBP35 after 13 days'
165.3403 	EXP 	fixation: autoDraw = True
166.3401 	EXP 	fixation: autoDraw = False
166.3401 	EXP 	text: autoDraw = True
168.3665 	EXP 	New trial (rep=6, index=2): {'reward_today': 67, 'future_reward': 75, 'delay': 119}
168.3720 	DATA 	Keypress: t
168.3733 	EXP 	fixation: autoDraw = False
168.3733 	EXP 	text: autoDraw = False
168.3733 	EXP 	text: height = 0.05
168.3733 	EXP 	text: height = 0.05
168.3733 	EXP 	text: height = 0.05
168.3733 	EXP 	text: text = 'GBP 67 today or  GBP75 after 119 days'
168.3733 	EXP 	fixation: autoDraw = True
169.3725 	EXP 	fixation: autoDraw = False
169.3725 	EXP 	text: autoDraw = True
171.4411 	EXP 	New trial (rep=6, index=3): {'reward_today': 11, 'future_reward': 30, 'delay': 7}
171.4499 	DATA 	Keypress: l
171.4549 	EXP 	fixation: autoDraw = False
171.4549 	EXP 	text: autoDraw = False
171.4549 	EXP 	text: height = 0.05
171.4549 	EXP 	text: height = 0.05
171.4549 	EXP 	text: height = 0.05
171.4549 	EXP 	text: text = 'GBP 11 today or  GBP30 after 7 days'
171.4549 	EXP 	fixation: autoDraw = True
172.4545 	EXP 	fixation: autoDraw = False
172.4545 	EXP 	text: autoDraw = True
174.0917 	DATA 	Keypress: t
174.1065 	EXP 	New trial (rep=6, index=4): {'reward_today': 27, 'future_reward': 50, 'delay': 21}
174.1208 	EXP 	fixation: autoDraw = False
174.1208 	EXP 	text: autoDraw = False
174.1208 	EXP 	text: height = 0.05
174.1208 	EXP 	text: height = 0.05
174.1208 	EXP 	text: height = 0.05
174.1208 	EXP 	text: text = 'GBP 27 today or  GBP50 after 21 days'
174.1208 	EXP 	fixation: autoDraw = True
175.1206 	EXP 	fixation: autoDraw = False
175.1206 	EXP 	text: autoDraw = True
180.6543 	EXP 	New trial (rep=6, index=5): {'reward_today': 78, 'future_reward': 80, 'delay': 162}
180.6638 	DATA 	Keypress: t
180.6685 	EXP 	fixation: autoDraw = False
180.6685 	EXP 	text: autoDraw = False
180.6685 	EXP 	text: height = 0.05
180.6685 	EXP 	text: height = 0.05
180.6685 	EXP 	text: height = 0.05
180.6685 	EXP 	text: text = 'GBP 78 today or  GBP80 after 162 days'
180.6685 	EXP 	fixation: autoDraw = True
181.6684 	EXP 	fixation: autoDraw = False
181.6684 	EXP 	text: autoDraw = True
183.3539 	EXP 	New trial (rep=6, index=6): {'reward_today': 49, 'future_reward': 60, 'delay': 89}
183.3623 	DATA 	Keypress: l
183.3677 	EXP 	fixation: autoDraw = False
183.3677 	EXP 	text: autoDraw = False
183.3677 	EXP 	text: height = 0.05
183.3677 	EXP 	text: height = 0.05
183.3677 	EXP 	text: height = 0.05
183.3677 	EXP 	text: text = 'GBP 49 today or  GBP60 after 89 days'
183.3677 	EXP 	fixation: autoDraw = True
184.3675 	EXP 	fixation: autoDraw = False
184.3675 	EXP 	text: autoDraw = True
186.5872 	DATA 	Keypress: l
186.6025 	EXP 	New trial (rep=7, index=0): {'reward_today': 11, 'future_reward': 30, 'delay': 7}
186.6779 	EXP 	fixation: autoDraw = False
186.6779 	EXP 	text: autoDraw = False
186.6779 	EXP 	text: height = 0.05
186.6779 	EXP 	text: height = 0.05
186.6779 	EXP 	text: height = 0.05
186.6779 	EXP 	text: text = 'GBP 11 today or  GBP30 after 7 days'
186.6779 	EXP 	fixation: autoDraw = True
187.6163 	EXP 	text: autoDraw = True
187.6830 	EXP 	fixation: autoDraw = False
196.2659 	EXP 	New trial (rep=7, index=1): {'reward_today': 15, 'future_reward': 35, 'delay': 13}
196.2749 	DATA 	Keypress: t
196.2799 	EXP 	fixation: autoDraw = False
196.2799 	EXP 	text: autoDraw = False
196.2799 	EXP 	text: height = 0.05
196.2799 	EXP 	text: height = 0.05
196.2799 	EXP 	text: height = 0.05
196.2799 	EXP 	text: text = 'GBP 15 today or  GBP35 after 13 days'
196.2799 	EXP 	fixation: autoDraw = True
197.2796 	EXP 	fixation: autoDraw = False
197.2796 	EXP 	text: autoDraw = True
201.4462 	EXP 	New trial (rep=7, index=2): {'reward_today': 40, 'future_reward': 55, 'delay': 62}
201.4502 	DATA 	Keypress: t
201.4614 	EXP 	fixation: autoDraw = False
201.4614 	EXP 	text: autoDraw = False
201.4614 	EXP 	text: height = 0.05
201.4614 	EXP 	text: height = 0.05
201.4614 	EXP 	text: height = 0.05
201.4614 	EXP 	text: text = 'GBP 40 today or  GBP55 after 62 days'
201.4614 	EXP 	fixation: autoDraw = True
202.4613 	EXP 	fixation: autoDraw = False
202.4613 	EXP 	text: autoDraw = True
204.6795 	EXP 	New trial (rep=7, index=3): {'reward_today': 67, 'future_reward': 75, 'delay': 119}
204.6883 	DATA 	Keypress: l
204.6937 	EXP 	fixation: autoDraw = False
204.6937 	EXP 	text: autoDraw = False
204.6937 	EXP 	text: height = 0.05
204.6937 	EXP 	text: height = 0.05
204.6937 	EXP 	text: height = 0.05
204.6937 	EXP 	text: text = 'GBP 67 today or  GBP75 after 119 days'
204.6937 	EXP 	fixation: autoDraw = True
205.6936 	EXP 	fixation: autoDraw = False
205.6936 	EXP 	text: autoDraw = True
207.4624 	EXP 	New trial (rep=7, index=4): {'reward_today': 78, 'future_reward': 80, 'delay': 162}
207.4719 	DATA 	Keypress: l
207.4760 	EXP 	fixation: autoDraw = False
207.4760 	EXP 	text: autoDraw = False
207.4760 	EXP 	text: height = 0.05
207.4760 	EXP 	text: height = 0.05
207.4760 	EXP 	text: height = 0.05
207.4760 	EXP 	text: text = 'GBP 78 today or  GBP80 after 162 days'
207.4760 	EXP 	fixation: autoDraw = True
208.4758 	EXP 	fixation: autoDraw = False
208.4758 	EXP 	text: autoDraw = True
209.6625 	DATA 	Keypress: l
209.6779 	EXP 	New trial (rep=7, index=5): {'reward_today': 27, 'future_reward': 50, 'delay': 21}
209.6921 	EXP 	fixation: autoDraw = False
209.6921 	EXP 	text: autoDraw = False
209.6921 	EXP 	text: height = 0.05
209.6921 	EXP 	text: height = 0.05
209.6921 	EXP 	text: height = 0.05
209.6921 	EXP 	text: text = 'GBP 27 today or  GBP50 after 21 days'
209.6921 	EXP 	fixation: autoDraw = True
210.6918 	EXP 	fixation: autoDraw = False
210.6918 	EXP 	text: autoDraw = True
212.7100 	EXP 	New trial (rep=7, index=6): {'reward_today': 49, 'future_reward': 60, 'delay': 89}
212.7187 	DATA 	Keypress: t
212.7243 	EXP 	fixation: autoDraw = False
212.7243 	EXP 	text: autoDraw = False
212.7243 	EXP 	text: height = 0.05
212.7243 	EXP 	text: height = 0.05
212.7243 	EXP 	text: height = 0.05
212.7243 	EXP 	text: text = 'GBP 49 today or  GBP60 after 89 days'
212.7243 	EXP 	fixation: autoDraw = True
213.7241 	EXP 	fixation: autoDraw = False
213.7241 	EXP 	text: autoDraw = True
215.4442 	DATA 	Keypress: l
215.4589 	EXP 	New trial (rep=8, index=0): {'reward_today': 78, 'future_reward': 80, 'delay': 162}
215.4734 	EXP 	fixation: autoDraw = False
215.4734 	EXP 	text: autoDraw = False
215.4734 	EXP 	text: height = 0.05
215.4734 	EXP 	text: height = 0.05
215.4734 	EXP 	text: height = 0.05
215.4734 	EXP 	text: text = 'GBP 78 today or  GBP80 after 162 days'
215.4734 	EXP 	fixation: autoDraw = True
216.4731 	EXP 	fixation: autoDraw = False
216.4731 	EXP 	text: autoDraw = True
222.4903 	EXP 	New trial (rep=8, index=1): {'reward_today': 67, 'future_reward': 75, 'delay': 119}
222.4990 	DATA 	Keypress: l
222.5044 	EXP 	fixation: autoDraw = False
222.5044 	EXP 	text: autoDraw = False
222.5044 	EXP 	text: height = 0.05
222.5044 	EXP 	text: height = 0.05
222.5044 	EXP 	text: height = 0.05
222.5044 	EXP 	text: text = 'GBP 67 today or  GBP75 after 119 days'
222.5044 	EXP 	fixation: autoDraw = True
223.5041 	EXP 	fixation: autoDraw = False
223.5041 	EXP 	text: autoDraw = True
224.8891 	EXP 	New trial (rep=8, index=2): {'reward_today': 40, 'future_reward': 55, 'delay': 62}
224.8979 	DATA 	Keypress: l
224.9035 	EXP 	fixation: autoDraw = False
224.9035 	EXP 	text: autoDraw = False
224.9035 	EXP 	text: height = 0.05
224.9035 	EXP 	text: height = 0.05
224.9035 	EXP 	text: height = 0.05
224.9035 	EXP 	text: text = 'GBP 40 today or  GBP55 after 62 days'
224.9035 	EXP 	fixation: autoDraw = True
225.9033 	EXP 	fixation: autoDraw = False
225.9033 	EXP 	text: autoDraw = True
227.0883 	EXP 	New trial (rep=8, index=3): {'reward_today': 27, 'future_reward': 50, 'delay': 21}
227.0970 	DATA 	Keypress: l
227.1028 	EXP 	fixation: autoDraw = False
227.1028 	EXP 	text: autoDraw = False
227.1028 	EXP 	text: height = 0.05
227.1028 	EXP 	text: height = 0.05
227.1028 	EXP 	text: height = 0.05
227.1028 	EXP 	text: text = 'GBP 27 today or  GBP50 after 21 days'
227.1028 	EXP 	fixation: autoDraw = True
228.1025 	EXP 	fixation: autoDraw = False
228.1025 	EXP 	text: autoDraw = True
229.1380 	EXP 	New trial (rep=8, index=4): {'reward_today': 49, 'future_reward': 60, 'delay': 89}
229.1470 	DATA 	Keypress: l
229.1521 	EXP 	fixation: autoDraw = False
229.1521 	EXP 	text: autoDraw = False
229.1521 	EXP 	text: height = 0.05
229.1521 	EXP 	text: height = 0.05
229.1521 	EXP 	text: height = 0.05
229.1521 	EXP 	text: text = 'GBP 49 today or  GBP60 after 89 days'
229.1521 	EXP 	fixation: autoDraw = True
230.1519 	EXP 	fixation: autoDraw = False
230.1519 	EXP 	text: autoDraw = True
231.7708 	EXP 	New trial (rep=8, index=5): {'reward_today': 15, 'future_reward': 35, 'delay': 13}
231.7814 	DATA 	Keypress: l
231.7845 	EXP 	fixation: autoDraw = False
231.7845 	EXP 	text: autoDraw = False
231.7845 	EXP 	text: height = 0.05
231.7845 	EXP 	text: height = 0.05
231.7845 	EXP 	text: height = 0.05
231.7845 	EXP 	text: text = 'GBP 15 today or  GBP35 after 13 days'
231.7845 	EXP 	fixation: autoDraw = True
232.7844 	EXP 	fixation: autoDraw = False
232.7844 	EXP 	text: autoDraw = True
234.7695 	EXP 	New trial (rep=8, index=6): {'reward_today': 11, 'future_reward': 30, 'delay': 7}
234.7776 	DATA 	Keypress: t
234.7835 	EXP 	fixation: autoDraw = False
234.7835 	EXP 	text: autoDraw = False
234.7835 	EXP 	text: height = 0.05
234.7835 	EXP 	text: height = 0.05
234.7835 	EXP 	text: height = 0.05
234.7835 	EXP 	text: text = 'GBP 11 today or  GBP30 after 7 days'
234.7835 	EXP 	fixation: autoDraw = True
235.7833 	EXP 	fixation: autoDraw = False
235.7833 	EXP 	text: autoDraw = True
238.8529 	DATA 	Keypress: l
238.8679 	EXP 	New trial (rep=9, index=0): {'reward_today': 15, 'future_reward': 35, 'delay': 13}
238.8822 	EXP 	fixation: autoDraw = False
238.8822 	EXP 	text: autoDraw = False
238.8822 	EXP 	text: height = 0.05
238.8822 	EXP 	text: height = 0.05
238.8822 	EXP 	text: height = 0.05
238.8822 	EXP 	text: text = 'GBP 15 today or  GBP35 after 13 days'
238.8822 	EXP 	fixation: autoDraw = True
239.8819 	EXP 	fixation: autoDraw = False
239.8819 	EXP 	text: autoDraw = True
241.8500 	EXP 	New trial (rep=9, index=1): {'reward_today': 67, 'future_reward': 75, 'delay': 119}
241.8592 	DATA 	Keypress: t
241.8643 	EXP 	fixation: autoDraw = False
241.8643 	EXP 	text: autoDraw = False
241.8643 	EXP 	text: height = 0.05
241.8643 	EXP 	text: height = 0.05
241.8643 	EXP 	text: height = 0.05
241.8643 	EXP 	text: text = 'GBP 67 today or  GBP75 after 119 days'
241.8643 	EXP 	fixation: autoDraw = True
242.8642 	EXP 	fixation: autoDraw = False
242.8642 	EXP 	text: autoDraw = True
244.0162 	EXP 	New trial (rep=9, index=2): {'reward_today': 78, 'future_reward': 80, 'delay': 162}
244.0239 	DATA 	Keypress: l
244.0303 	EXP 	fixation: autoDraw = False
244.0303 	EXP 	text: autoDraw = False
244.0303 	EXP 	text: height = 0.05
244.0303 	EXP 	text: height = 0.05
244.0303 	EXP 	text: height = 0.05
244.0303 	EXP 	text: text = 'GBP 78 today or  GBP80 after 162 days'
244.0303 	EXP 	fixation: autoDraw = True
245.0302 	EXP 	fixation: autoDraw = False
245.0302 	EXP 	text: autoDraw = True
248.3813 	EXP 	New trial (rep=9, index=3): {'reward_today': 40, 'future_reward': 55, 'delay': 62}
248.3900 	DATA 	Keypress: l
248.3955 	EXP 	fixation: autoDraw = False
248.3955 	EXP 	text: autoDraw = False
248.3955 	EXP 	text: height = 0.05
248.3955 	EXP 	text: height = 0.05
248.3955 	EXP 	text: height = 0.05
248.3955 	EXP 	text: text = 'GBP 40 today or  GBP55 after 62 days'
248.3955 	EXP 	fixation: autoDraw = True
249.3953 	EXP 	fixation: autoDraw = False
249.3953 	EXP 	text: autoDraw = True
249.4495 	DATA 	Keypress: r
249.4656 	DATA 	Keypress: space
256.6452 	EXP 	New trial (rep=9, index=4): {'reward_today': 27, 'future_reward': 50, 'delay': 21}
256.6534 	DATA 	Keypress: l
256.6593 	EXP 	fixation: autoDraw = False
256.6593 	EXP 	text: autoDraw = False
256.6593 	EXP 	text: height = 0.05
256.6593 	EXP 	text: height = 0.05
256.6593 	EXP 	text: height = 0.05
256.6593 	EXP 	text: text = 'GBP 27 today or  GBP50 after 21 days'
256.6593 	EXP 	fixation: autoDraw = True
257.6589 	EXP 	fixation: autoDraw = False
257.6589 	EXP 	text: autoDraw = True
258.7608 	EXP 	New trial (rep=9, index=5): {'reward_today': 49, 'future_reward': 60, 'delay': 89}
258.7695 	DATA 	Keypress: t
258.7754 	EXP 	fixation: autoDraw = False
258.7754 	EXP 	text: autoDraw = False
258.7754 	EXP 	text: height = 0.05
258.7754 	EXP 	text: height = 0.05
258.7754 	EXP 	text: height = 0.05
258.7754 	EXP 	text: text = 'GBP 49 today or  GBP60 after 89 days'
258.7754 	EXP 	fixation: autoDraw = True
259.7752 	EXP 	fixation: autoDraw = False
259.7752 	EXP 	text: autoDraw = True
260.8110 	EXP 	New trial (rep=9, index=6): {'reward_today': 11, 'future_reward': 30, 'delay': 7}
260.8200 	DATA 	Keypress: l
260.8246 	EXP 	fixation: autoDraw = False
260.8246 	EXP 	text: autoDraw = False
260.8246 	EXP 	text: height = 0.05
260.8246 	EXP 	text: height = 0.05
260.8246 	EXP 	text: height = 0.05
260.8246 	EXP 	text: text = 'GBP 11 today or  GBP30 after 7 days'
260.8246 	EXP 	fixation: autoDraw = True
261.8245 	EXP 	fixation: autoDraw = False
261.8245 	EXP 	text: autoDraw = True
263.1097 	EXP 	New trial (rep=10, index=0): {'reward_today': 40, 'future_reward': 55, 'delay': 62}
263.1185 	DATA 	Keypress: t
263.1238 	EXP 	fixation: autoDraw = False
263.1238 	EXP 	text: autoDraw = False
263.1238 	EXP 	text: height = 0.05
263.1238 	EXP 	text: height = 0.05
263.1238 	EXP 	text: height = 0.05
263.1238 	EXP 	text: text = 'GBP 40 today or  GBP55 after 62 days'
263.1238 	EXP 	fixation: autoDraw = True
264.1236 	EXP 	fixation: autoDraw = False
264.1236 	EXP 	text: autoDraw = True
266.1585 	EXP 	New trial (rep=10, index=1): {'reward_today': 49, 'future_reward': 60, 'delay': 89}
266.1669 	DATA 	Keypress: l
266.1728 	EXP 	fixation: autoDraw = False
266.1728 	EXP 	text: autoDraw = False
266.1728 	EXP 	text: height = 0.05
266.1728 	EXP 	text: height = 0.05
266.1728 	EXP 	text: height = 0.05
266.1728 	EXP 	text: text = 'GBP 49 today or  GBP60 after 89 days'
266.1728 	EXP 	fixation: autoDraw = True
267.1726 	EXP 	fixation: autoDraw = False
267.1726 	EXP 	text: autoDraw = True
270.9258 	DATA 	Keypress: l
270.9400 	EXP 	New trial (rep=10, index=2): {'reward_today': 11, 'future_reward': 30, 'delay': 7}
270.9545 	EXP 	fixation: autoDraw = False
270.9545 	EXP 	text: autoDraw = False
270.9545 	EXP 	text: height = 0.05
270.9545 	EXP 	text: height = 0.05
270.9545 	EXP 	text: height = 0.05
270.9545 	EXP 	text: text = 'GBP 11 today or  GBP30 after 7 days'
270.9545 	EXP 	fixation: autoDraw = True
271.9542 	EXP 	fixation: autoDraw = False
271.9542 	EXP 	text: autoDraw = True
275.7053 	EXP 	New trial (rep=10, index=3): {'reward_today': 27, 'future_reward': 50, 'delay': 21}
275.7135 	DATA 	Keypress: t
275.7195 	EXP 	fixation: autoDraw = False
275.7195 	EXP 	text: autoDraw = False
275.7195 	EXP 	text: height = 0.05
275.7195 	EXP 	text: height = 0.05
275.7195 	EXP 	text: height = 0.05
275.7195 	EXP 	text: text = 'GBP 27 today or  GBP50 after 21 days'
275.7195 	EXP 	fixation: autoDraw = True
276.7193 	EXP 	fixation: autoDraw = False
276.7193 	EXP 	text: autoDraw = True
278.0046 	EXP 	New trial (rep=10, index=4): {'reward_today': 67, 'future_reward': 75, 'delay': 119}
278.0131 	DATA 	Keypress: t
278.0188 	EXP 	fixation: autoDraw = False
278.0188 	EXP 	text: autoDraw = False
278.0188 	EXP 	text: height = 0.05
278.0188 	EXP 	text: height = 0.05
278.0188 	EXP 	text: height = 0.05
278.0188 	EXP 	text: text = 'GBP 67 today or  GBP75 after 119 days'
278.0188 	EXP 	fixation: autoDraw = True
279.0185 	EXP 	fixation: autoDraw = False
279.0185 	EXP 	text: autoDraw = True
280.1377 	EXP 	New trial (rep=10, index=5): {'reward_today': 78, 'future_reward': 80, 'delay': 162}
280.1468 	DATA 	Keypress: l
280.1512 	EXP 	fixation: autoDraw = False
280.1512 	EXP 	text: autoDraw = False
280.1512 	EXP 	text: height = 0.05
280.1512 	EXP 	text: height = 0.05
280.1512 	EXP 	text: height = 0.05
280.1512 	EXP 	text: text = 'GBP 78 today or  GBP80 after 162 days'
280.1512 	EXP 	fixation: autoDraw = True
281.1511 	EXP 	fixation: autoDraw = False
281.1511 	EXP 	text: autoDraw = True
282.0544 	DATA 	Keypress: l
282.0696 	EXP 	New trial (rep=10, index=6): {'reward_today': 15, 'future_reward': 35, 'delay': 13}
282.0841 	EXP 	fixation: autoDraw = False
282.0841 	EXP 	text: autoDraw = False
282.0841 	EXP 	text: height = 0.05
282.0841 	EXP 	text: height = 0.05
282.0841 	EXP 	text: height = 0.05
282.0841 	EXP 	text: text = 'GBP 15 today or  GBP35 after 13 days'
282.0841 	EXP 	fixation: autoDraw = True
283.0838 	EXP 	fixation: autoDraw = False
283.0838 	EXP 	text: autoDraw = True
283.8708 	DATA 	Keypress: t
283.8853 	EXP 	New trial (rep=11, index=0): {'reward_today': 11, 'future_reward': 30, 'delay': 7}
283.9001 	EXP 	fixation: autoDraw = False
283.9001 	EXP 	text: autoDraw = False
283.9001 	EXP 	text: height = 0.05
283.9001 	EXP 	text: height = 0.05
283.9001 	EXP 	text: height = 0.05
283.9001 	EXP 	text: text = 'GBP 11 today or  GBP30 after 7 days'
283.9001 	EXP 	fixation: autoDraw = True
284.8998 	EXP 	fixation: autoDraw = False
284.8998 	EXP 	text: autoDraw = True
285.9683 	EXP 	New trial (rep=11, index=1): {'reward_today': 15, 'future_reward': 35, 'delay': 13}
285.9771 	DATA 	Keypress: t
285.9827 	EXP 	fixation: autoDraw = False
285.9827 	EXP 	text: autoDraw = False
285.9827 	EXP 	text: height = 0.05
285.9827 	EXP 	text: height = 0.05
285.9827 	EXP 	text: height = 0.05
285.9827 	EXP 	text: text = 'GBP 15 today or  GBP35 after 13 days'
285.9827 	EXP 	fixation: autoDraw = True
286.9825 	EXP 	fixation: autoDraw = False
286.9825 	EXP 	text: autoDraw = True
288.3678 	EXP 	New trial (rep=11, index=2): {'reward_today': 40, 'future_reward': 55, 'delay': 62}
288.3766 	DATA 	Keypress: t
288.3820 	EXP 	fixation: autoDraw = False
288.3820 	EXP 	text: autoDraw = False
288.3820 	EXP 	text: height = 0.05
288.3820 	EXP 	text: height = 0.05
288.3820 	EXP 	text: height = 0.05
288.3820 	EXP 	text: text = 'GBP 40 today or  GBP55 after 62 days'
288.3820 	EXP 	fixation: autoDraw = True
289.3816 	EXP 	fixation: autoDraw = False
289.3816 	EXP 	text: autoDraw = True
295.4319 	EXP 	New trial (rep=11, index=3): {'reward_today': 67, 'future_reward': 75, 'delay': 119}
295.4406 	DATA 	Keypress: l
295.4460 	EXP 	fixation: autoDraw = False
295.4460 	EXP 	text: autoDraw = False
295.4460 	EXP 	text: height = 0.05
295.4460 	EXP 	text: height = 0.05
295.4460 	EXP 	text: height = 0.05
295.4460 	EXP 	text: text = 'GBP 67 today or  GBP75 after 119 days'
295.4460 	EXP 	fixation: autoDraw = True
296.4459 	EXP 	fixation: autoDraw = False
296.4459 	EXP 	text: autoDraw = True
298.8154 	DATA 	Keypress: l
298.8310 	EXP 	New trial (rep=11, index=4): {'reward_today': 78, 'future_reward': 80, 'delay': 162}
298.8450 	EXP 	fixation: autoDraw = False
298.8450 	EXP 	text: autoDraw = False
298.8450 	EXP 	text: height = 0.05
298.8450 	EXP 	text: height = 0.05
298.8450 	EXP 	text: height = 0.05
298.8450 	EXP 	text: text = 'GBP 78 today or  GBP80 after 162 days'
298.8450 	EXP 	fixation: autoDraw = True
299.8448 	EXP 	fixation: autoDraw = False
299.8448 	EXP 	text: autoDraw = True
301.1806 	EXP 	New trial (rep=11, index=5): {'reward_today': 27, 'future_reward': 50, 'delay': 21}
301.1894 	DATA 	Keypress: l
301.1941 	EXP 	fixation: autoDraw = False
301.1941 	EXP 	text: autoDraw = False
301.1941 	EXP 	text: height = 0.05
301.1941 	EXP 	text: height = 0.05
301.1941 	EXP 	text: height = 0.05
301.1941 	EXP 	text: text = 'GBP 27 today or  GBP50 after 21 days'
301.1941 	EXP 	fixation: autoDraw = True
302.1939 	EXP 	fixation: autoDraw = False
302.1939 	EXP 	text: autoDraw = True
303.3459 	EXP 	New trial (rep=11, index=6): {'reward_today': 49, 'future_reward': 60, 'delay': 89}
303.3576 	DATA 	Keypress: t
303.3601 	EXP 	fixation: autoDraw = False
303.3601 	EXP 	text: autoDraw = False
303.3601 	EXP 	text: height = 0.05
303.3601 	EXP 	text: height = 0.05
303.3601 	EXP 	text: height = 0.05
303.3601 	EXP 	text: text = 'GBP 49 today or  GBP60 after 89 days'
303.3601 	EXP 	fixation: autoDraw = True
304.3599 	EXP 	fixation: autoDraw = False
304.3599 	EXP 	text: autoDraw = True
305.6636 	DATA 	Keypress: l
305.6779 	EXP 	New trial (rep=12, index=0): {'reward_today': 40, 'future_reward': 55, 'delay': 62}
305.6926 	EXP 	fixation: autoDraw = False
305.6926 	EXP 	text: autoDraw = False
305.6926 	EXP 	text: height = 0.05
305.6926 	EXP 	text: height = 0.05
305.6926 	EXP 	text: height = 0.05
305.6926 	EXP 	text: text = 'GBP 40 today or  GBP55 after 62 days'
305.6926 	EXP 	fixation: autoDraw = True
306.6923 	EXP 	fixation: autoDraw = False
306.6923 	EXP 	text: autoDraw = True
310.2284 	DATA 	Keypress: l
310.2434 	EXP 	New trial (rep=12, index=1): {'reward_today': 49, 'future_reward': 60, 'delay': 89}
310.2580 	EXP 	fixation: autoDraw = False
310.2580 	EXP 	text: autoDraw = False
310.2580 	EXP 	text: height = 0.05
310.2580 	EXP 	text: height = 0.05
310.2580 	EXP 	text: height = 0.05
310.2580 	EXP 	text: text = 'GBP 49 today or  GBP60 after 89 days'
310.2580 	EXP 	fixation: autoDraw = True
311.2576 	EXP 	fixation: autoDraw = False
311.2576 	EXP 	text: autoDraw = True
318.0756 	DATA 	Keypress: l
318.0911 	EXP 	New trial (rep=12, index=2): {'reward_today': 67, 'future_reward': 75, 'delay': 119}
318.1051 	EXP 	fixation: autoDraw = False
318.1051 	EXP 	text: autoDraw = False
318.1051 	EXP 	text: height = 0.05
318.1051 	EXP 	text: height = 0.05
318.1051 	EXP 	text: height = 0.05
318.1051 	EXP 	text: text = 'GBP 67 today or  GBP75 after 119 days'
318.1051 	EXP 	fixation: autoDraw = True
319.1049 	EXP 	fixation: autoDraw = False
319.1049 	EXP 	text: autoDraw = True
321.0734 	EXP 	New trial (rep=12, index=3): {'reward_today': 15, 'future_reward': 35, 'delay': 13}
321.0820 	DATA 	Keypress: l
321.0874 	EXP 	fixation: autoDraw = False
321.0874 	EXP 	text: autoDraw = False
321.0874 	EXP 	text: height = 0.05
321.0874 	EXP 	text: height = 0.05
321.0874 	EXP 	text: height = 0.05
321.0874 	EXP 	text: text = 'GBP 15 today or  GBP35 after 13 days'
321.0874 	EXP 	fixation: autoDraw = True
322.0875 	EXP 	fixation: autoDraw = False
322.0875 	EXP 	text: autoDraw = True
326.2880 	EXP 	New trial (rep=12, index=4): {'reward_today': 27, 'future_reward': 50, 'delay': 21}
326.2973 	DATA 	Keypress: t
326.3023 	EXP 	fixation: autoDraw = False
326.3023 	EXP 	text: autoDraw = False
326.3023 	EXP 	text: height = 0.05
326.3023 	EXP 	text: height = 0.05
326.3023 	EXP 	text: height = 0.05
326.3023 	EXP 	text: text = 'GBP 27 today or  GBP50 after 21 days'
326.3023 	EXP 	fixation: autoDraw = True
327.3022 	EXP 	fixation: autoDraw = False
327.3022 	EXP 	text: autoDraw = True
329.2052 	DATA 	Keypress: t
329.2201 	EXP 	New trial (rep=12, index=5): {'reward_today': 11, 'future_reward': 30, 'delay': 7}
329.2347 	EXP 	fixation: autoDraw = False
329.2347 	EXP 	text: autoDraw = False
329.2347 	EXP 	text: height = 0.05
329.2347 	EXP 	text: height = 0.05
329.2347 	EXP 	text: height = 0.05
329.2347 	EXP 	text: text = 'GBP 11 today or  GBP30 after 7 days'
329.2347 	EXP 	fixation: autoDraw = True
330.2342 	EXP 	fixation: autoDraw = False
330.2342 	EXP 	text: autoDraw = True
337.8519 	DATA 	Keypress: l
337.8663 	EXP 	New trial (rep=12, index=6): {'reward_today': 78, 'future_reward': 80, 'delay': 162}
337.8815 	EXP 	fixation: autoDraw = False
337.8815 	EXP 	text: autoDraw = False
337.8815 	EXP 	text: height = 0.05
337.8815 	EXP 	text: height = 0.05
337.8815 	EXP 	text: height = 0.05
337.8815 	EXP 	text: text = 'GBP 78 today or  GBP80 after 162 days'
337.8815 	EXP 	fixation: autoDraw = True
338.8814 	EXP 	fixation: autoDraw = False
338.8814 	EXP 	text: autoDraw = True
340.0686 	DATA 	Keypress: l
340.0835 	EXP 	New trial (rep=13, index=0): {'reward_today': 40, 'future_reward': 55, 'delay': 62}
340.0977 	EXP 	fixation: autoDraw = False
340.0977 	EXP 	text: autoDraw = False
340.0977 	EXP 	text: height = 0.05
340.0977 	EXP 	text: height = 0.05
340.0977 	EXP 	text: height = 0.05
340.0977 	EXP 	text: text = 'GBP 40 today or  GBP55 after 62 days'
340.0977 	EXP 	fixation: autoDraw = True
341.0975 	EXP 	fixation: autoDraw = False
341.0975 	EXP 	text: autoDraw = True
342.2353 	EXP 	New trial (rep=13, index=1): {'reward_today': 11, 'future_reward': 30, 'delay': 7}
342.2442 	DATA 	Keypress: l
342.2472 	EXP 	fixation: autoDraw = False
342.2472 	EXP 	text: autoDraw = False
342.2472 	EXP 	text: height = 0.05
342.2472 	EXP 	text: height = 0.05
342.2472 	EXP 	text: height = 0.05
342.2472 	EXP 	text: text = 'GBP 11 today or  GBP30 after 7 days'
342.2472 	EXP 	fixation: autoDraw = True
343.2467 	EXP 	fixation: autoDraw = False
343.2467 	EXP 	text: autoDraw = True
344.8326 	EXP 	New trial (rep=13, index=2): {'reward_today': 15, 'future_reward': 35, 'delay': 13}
344.8409 	DATA 	Keypress: t
344.8460 	EXP 	fixation: autoDraw = False
344.8460 	EXP 	text: autoDraw = False
344.8460 	EXP 	text: height = 0.05
344.8460 	EXP 	text: height = 0.05
344.8460 	EXP 	text: height = 0.05
344.8460 	EXP 	text: text = 'GBP 15 today or  GBP35 after 13 days'
344.8460 	EXP 	fixation: autoDraw = True
345.8458 	EXP 	fixation: autoDraw = False
345.8458 	EXP 	text: autoDraw = True
349.8469 	EXP 	New trial (rep=13, index=3): {'reward_today': 27, 'future_reward': 50, 'delay': 21}
349.8556 	DATA 	Keypress: t
349.8610 	EXP 	fixation: autoDraw = False
349.8610 	EXP 	text: autoDraw = False
349.8610 	EXP 	text: height = 0.05
349.8610 	EXP 	text: height = 0.05
349.8610 	EXP 	text: height = 0.05
349.8610 	EXP 	text: text = 'GBP 27 today or  GBP50 after 21 days'
349.8610 	EXP 	fixation: autoDraw = True
350.8608 	EXP 	fixation: autoDraw = False
350.8608 	EXP 	text: autoDraw = True
354.0292 	EXP 	New trial (rep=13, index=4): {'reward_today': 49, 'future_reward': 60, 'delay': 89}
354.0385 	DATA 	Keypress: t
354.0431 	EXP 	fixation: autoDraw = False
354.0431 	EXP 	text: autoDraw = False
354.0431 	EXP 	text: height = 0.05
354.0431 	EXP 	text: height = 0.05
354.0431 	EXP 	text: height = 0.05
354.0431 	EXP 	text: text = 'GBP 49 today or  GBP60 after 89 days'
354.0431 	EXP 	fixation: autoDraw = True
355.0427 	EXP 	fixation: autoDraw = False
355.0427 	EXP 	text: autoDraw = True
359.9279 	DATA 	Keypress: l
359.9433 	EXP 	New trial (rep=13, index=5): {'reward_today': 67, 'future_reward': 75, 'delay': 119}
359.9577 	EXP 	fixation: autoDraw = False
359.9577 	EXP 	text: autoDraw = False
359.9577 	EXP 	text: height = 0.05
359.9577 	EXP 	text: height = 0.05
359.9577 	EXP 	text: height = 0.05
359.9577 	EXP 	text: text = 'GBP 67 today or  GBP75 after 119 days'
359.9577 	EXP 	fixation: autoDraw = True
360.9574 	EXP 	fixation: autoDraw = False
360.9574 	EXP 	text: autoDraw = True
362.7435 	EXP 	New trial (rep=13, index=6): {'reward_today': 78, 'future_reward': 80, 'delay': 162}
362.7517 	DATA 	Keypress: l
362.7568 	EXP 	fixation: autoDraw = False
362.7568 	EXP 	text: autoDraw = False
362.7568 	EXP 	text: height = 0.05
362.7568 	EXP 	text: height = 0.05
362.7568 	EXP 	text: height = 0.05
362.7568 	EXP 	text: text = 'GBP 78 today or  GBP80 after 162 days'
362.7568 	EXP 	fixation: autoDraw = True
363.7564 	EXP 	fixation: autoDraw = False
363.7564 	EXP 	text: autoDraw = True
375.2213 	EXP 	New trial (rep=14, index=0): {'reward_today': 40, 'future_reward': 55, 'delay': 62}
375.2303 	DATA 	Keypress: l
375.2359 	EXP 	fixation: autoDraw = False
375.2359 	EXP 	text: autoDraw = False
375.2359 	EXP 	text: height = 0.05
375.2359 	EXP 	text: height = 0.05
375.2359 	EXP 	text: height = 0.05
375.2359 	EXP 	text: text = 'GBP 40 today or  GBP55 after 62 days'
375.2359 	EXP 	fixation: autoDraw = True
376.2355 	EXP 	fixation: autoDraw = False
376.2355 	EXP 	text: autoDraw = True
378.2039 	EXP 	New trial (rep=14, index=1): {'reward_today': 67, 'future_reward': 75, 'delay': 119}
378.2122 	DATA 	Keypress: l
378.2180 	EXP 	fixation: autoDraw = False
378.2180 	EXP 	text: autoDraw = False
378.2180 	EXP 	text: height = 0.05
378.2180 	EXP 	text: height = 0.05
378.2180 	EXP 	text: height = 0.05
378.2180 	EXP 	text: text = 'GBP 67 today or  GBP75 after 119 days'
378.2180 	EXP 	fixation: autoDraw = True
379.2179 	EXP 	fixation: autoDraw = False
379.2179 	EXP 	text: autoDraw = True
380.0532 	EXP 	New trial (rep=14, index=2): {'reward_today': 15, 'future_reward': 35, 'delay': 13}
380.0620 	DATA 	Keypress: l
380.0675 	EXP 	fixation: autoDraw = False
380.0675 	EXP 	text: autoDraw = False
380.0675 	EXP 	text: height = 0.05
380.0675 	EXP 	text: height = 0.05
380.0675 	EXP 	text: height = 0.05
380.0675 	EXP 	text: text = 'GBP 15 today or  GBP35 after 13 days'
380.0675 	EXP 	fixation: autoDraw = True
381.0672 	EXP 	fixation: autoDraw = False
381.0672 	EXP 	text: autoDraw = True
382.0359 	EXP 	New trial (rep=14, index=3): {'reward_today': 49, 'future_reward': 60, 'delay': 89}
382.0436 	DATA 	Keypress: t
382.0501 	EXP 	fixation: autoDraw = False
382.0501 	EXP 	text: autoDraw = False
382.0501 	EXP 	text: height = 0.05
382.0501 	EXP 	text: height = 0.05
382.0501 	EXP 	text: height = 0.05
382.0501 	EXP 	text: text = 'GBP 49 today or  GBP60 after 89 days'
382.0501 	EXP 	fixation: autoDraw = True
383.0498 	EXP 	fixation: autoDraw = False
383.0498 	EXP 	text: autoDraw = True
384.1689 	EXP 	New trial (rep=14, index=4): {'reward_today': 11, 'future_reward': 30, 'delay': 7}
384.1781 	DATA 	Keypress: l
384.1827 	EXP 	fixation: autoDraw = False
384.1827 	EXP 	text: autoDraw = False
384.1827 	EXP 	text: height = 0.05
384.1827 	EXP 	text: height = 0.05
384.1827 	EXP 	text: height = 0.05
384.1827 	EXP 	text: text = 'GBP 11 today or  GBP30 after 7 days'
384.1827 	EXP 	fixation: autoDraw = True
385.1824 	EXP 	fixation: autoDraw = False
385.1824 	EXP 	text: autoDraw = True
386.7510 	EXP 	New trial (rep=14, index=5): {'reward_today': 78, 'future_reward': 80, 'delay': 162}
386.7598 	DATA 	Keypress: t
386.7651 	EXP 	fixation: autoDraw = False
386.7651 	EXP 	text: autoDraw = False
386.7651 	EXP 	text: height = 0.05
386.7651 	EXP 	text: height = 0.05
386.7651 	EXP 	text: height = 0.05
386.7651 	EXP 	text: text = 'GBP 78 today or  GBP80 after 162 days'
386.7651 	EXP 	fixation: autoDraw = True
387.7648 	EXP 	fixation: autoDraw = False
387.7648 	EXP 	text: autoDraw = True
390.0177 	DATA 	Keypress: l
390.0332 	EXP 	New trial (rep=14, index=6): {'reward_today': 27, 'future_reward': 50, 'delay': 21}
390.0474 	EXP 	fixation: autoDraw = False
390.0474 	EXP 	text: autoDraw = False
390.0474 	EXP 	text: height = 0.05
390.0474 	EXP 	text: height = 0.05
390.0474 	EXP 	text: height = 0.05
390.0474 	EXP 	text: text = 'GBP 27 today or  GBP50 after 21 days'
390.0474 	EXP 	fixation: autoDraw = True
391.0471 	EXP 	fixation: autoDraw = False
391.0471 	EXP 	text: autoDraw = True
394.5486 	DATA 	Keypress: l
394.5624 	EXP 	fixation: autoDraw = False
394.5624 	EXP 	text: autoDraw = False
394.7165 	EXP 	window1: mouseVisible = True
